<?xml version="1.0" encoding="UTF-8"?>
<!-- Generated by org.testng.reporters.JUnitReportReporter -->
<testsuite hostname="Alfredos-iMac.local" failures="0" tests="1" name="Automation.testcases.GBHWebTest" time="54.339" errors="0" timestamp="2021-07-14T17:09:31 AST" skipped="0">
  <testcase classname="Automation.testcases.GBHWebTest" name="clickOnTabs" time="54.339"/>
  <system-out/>
</testsuite> <!-- Automation.testcases.GBHWebTest -->
